2021-04-08 09:35:24.574  INFO 7960 --- [main] com.zywl.TestApplication                 : Starting TestApplication using Java 1.8.0_152 on admin-PC with PID 7960 (D:\IdeaProjects\test\target\classes started by Administrator in D:\IdeaProjects\test)
2021-04-08 09:35:24.620  INFO 7960 --- [main] com.zywl.TestApplication                 : The following profiles are active: dev
2021-04-08 09:35:26.538  INFO 7960 --- [main] o.s.b.w.embedded.tomcat.TomcatWebServer  : Tomcat initialized with port(s): 8089 (http)
2021-04-08 09:35:26.550  INFO 7960 --- [main] o.apache.catalina.core.StandardService   : Starting service [Tomcat]
2021-04-08 09:35:26.551  INFO 7960 --- [main] org.apache.catalina.core.StandardEngine  : Starting Servlet engine: [Apache Tomcat/9.0.44]
2021-04-08 09:35:26.553  INFO 7960 --- [main] o.a.catalina.core.AprLifecycleListener   : Loaded Apache Tomcat Native library [1.2.26] using APR version [1.7.0].
2021-04-08 09:35:26.553  INFO 7960 --- [main] o.a.catalina.core.AprLifecycleListener   : APR capabilities: IPv6 [true], sendfile [true], accept filters [false], random [true].
2021-04-08 09:35:26.554  INFO 7960 --- [main] o.a.catalina.core.AprLifecycleListener   : APR/OpenSSL configuration: useAprConnector [false], useOpenSSL [true]
2021-04-08 09:35:26.559  INFO 7960 --- [main] o.a.catalina.core.AprLifecycleListener   : OpenSSL successfully initialized [OpenSSL 1.1.1i  8 Dec 2020]
2021-04-08 09:35:26.642  INFO 7960 --- [main] o.a.c.c.C.[Tomcat].[localhost].[/]       : Initializing Spring embedded WebApplicationContext
2021-04-08 09:35:26.642  INFO 7960 --- [main] w.s.c.ServletWebServerApplicationContext : Root WebApplicationContext: initialization completed in 1895 ms
2021-04-08 09:35:27.624  INFO 7960 --- [main] o.s.s.concurrent.ThreadPoolTaskExecutor  : Initializing ExecutorService 'applicationTaskExecutor'
2021-04-08 09:35:27.821  INFO 7960 --- [main] o.s.s.c.ThreadPoolTaskScheduler          : Initializing ExecutorService 'taskScheduler'
2021-04-08 09:35:27.885  INFO 7960 --- [main] o.s.b.w.embedded.tomcat.TomcatWebServer  : Tomcat started on port(s): 8089 (http) with context path ''
2021-04-08 09:35:27.902  INFO 7960 --- [main] com.zywl.TestApplication                 : Started TestApplication in 4.297 seconds (JVM running for 6.51)
2021-04-08 09:41:07.287  INFO 7960 --- [http-nio-8089-exec-1] o.a.c.c.C.[Tomcat].[localhost].[/]       : Initializing Spring DispatcherServlet 'dispatcherServlet'
2021-04-08 09:41:07.288  INFO 7960 --- [http-nio-8089-exec-1] o.s.web.servlet.DispatcherServlet        : Initializing Servlet 'dispatcherServlet'
2021-04-08 09:41:07.291  INFO 7960 --- [http-nio-8089-exec-1] o.s.web.servlet.DispatcherServlet        : Completed initialization in 3 ms
2021-04-08 09:41:07.376  INFO 7960 --- [http-nio-8089-exec-1] com.zaxxer.hikari.HikariDataSource       : HikariPool-1 - Starting...
2021-04-08 09:41:07.622  INFO 7960 --- [http-nio-8089-exec-1] com.zaxxer.hikari.HikariDataSource       : HikariPool-1 - Start completed.
2021-04-08 10:51:28.426  INFO 7308 --- [main] com.zywl.TestApplication                 : Starting TestApplication using Java 1.8.0_152 on admin-PC with PID 7308 (D:\IdeaProjects\test\target\classes started by Administrator in D:\IdeaProjects\test)
2021-04-08 10:51:28.430  INFO 7308 --- [main] com.zywl.TestApplication                 : The following profiles are active: dev
2021-04-08 10:51:29.498  INFO 7308 --- [main] o.s.b.w.embedded.tomcat.TomcatWebServer  : Tomcat initialized with port(s): 8089 (http)
2021-04-08 10:51:29.506  INFO 7308 --- [main] o.apache.catalina.core.StandardService   : Starting service [Tomcat]
2021-04-08 10:51:29.507  INFO 7308 --- [main] org.apache.catalina.core.StandardEngine  : Starting Servlet engine: [Apache Tomcat/9.0.44]
2021-04-08 10:51:29.508  INFO 7308 --- [main] o.a.catalina.core.AprLifecycleListener   : Loaded Apache Tomcat Native library [1.2.26] using APR version [1.7.0].
2021-04-08 10:51:29.508  INFO 7308 --- [main] o.a.catalina.core.AprLifecycleListener   : APR capabilities: IPv6 [true], sendfile [true], accept filters [false], random [true].
2021-04-08 10:51:29.509  INFO 7308 --- [main] o.a.catalina.core.AprLifecycleListener   : APR/OpenSSL configuration: useAprConnector [false], useOpenSSL [true]
2021-04-08 10:51:29.512  INFO 7308 --- [main] o.a.catalina.core.AprLifecycleListener   : OpenSSL successfully initialized [OpenSSL 1.1.1i  8 Dec 2020]
2021-04-08 10:51:29.589  INFO 7308 --- [main] o.a.c.c.C.[Tomcat].[localhost].[/]       : Initializing Spring embedded WebApplicationContext
2021-04-08 10:51:29.590  INFO 7308 --- [main] w.s.c.ServletWebServerApplicationContext : Root WebApplicationContext: initialization completed in 1073 ms
2021-04-08 10:51:30.075  INFO 7308 --- [main] o.s.s.concurrent.ThreadPoolTaskExecutor  : Initializing ExecutorService 'applicationTaskExecutor'
2021-04-08 10:51:30.255  INFO 7308 --- [main] o.s.s.c.ThreadPoolTaskScheduler          : Initializing ExecutorService 'taskScheduler'
2021-04-08 10:51:30.308  INFO 7308 --- [main] o.s.b.w.embedded.tomcat.TomcatWebServer  : Tomcat started on port(s): 8089 (http) with context path ''
2021-04-08 10:51:30.321  INFO 7308 --- [main] com.zywl.TestApplication                 : Started TestApplication in 2.66 seconds (JVM running for 3.828)
2021-04-08 10:54:24.236  INFO 7308 --- [http-nio-8089-exec-1] o.a.c.c.C.[Tomcat].[localhost].[/]       : Initializing Spring DispatcherServlet 'dispatcherServlet'
2021-04-08 10:54:24.237  INFO 7308 --- [http-nio-8089-exec-1] o.s.web.servlet.DispatcherServlet        : Initializing Servlet 'dispatcherServlet'
2021-04-08 10:54:24.238  INFO 7308 --- [http-nio-8089-exec-1] o.s.web.servlet.DispatcherServlet        : Completed initialization in 1 ms
2021-04-08 10:54:24.310  INFO 7308 --- [http-nio-8089-exec-1] com.zaxxer.hikari.HikariDataSource       : HikariPool-1 - Starting...
2021-04-08 10:54:24.484  INFO 7308 --- [http-nio-8089-exec-1] com.zaxxer.hikari.HikariDataSource       : HikariPool-1 - Start completed.
2021-04-08 10:56:34.281  INFO 1916 --- [main] com.zywl.TestApplication                 : Starting TestApplication using Java 1.8.0_152 on admin-PC with PID 1916 (D:\IdeaProjects\test\target\classes started by Administrator in D:\IdeaProjects\test)
2021-04-08 10:56:34.284  INFO 1916 --- [main] com.zywl.TestApplication                 : The following profiles are active: dev
2021-04-08 10:56:35.318  INFO 1916 --- [main] o.s.b.w.embedded.tomcat.TomcatWebServer  : Tomcat initialized with port(s): 8089 (http)
2021-04-08 10:56:35.326  INFO 1916 --- [main] o.apache.catalina.core.StandardService   : Starting service [Tomcat]
2021-04-08 10:56:35.326  INFO 1916 --- [main] org.apache.catalina.core.StandardEngine  : Starting Servlet engine: [Apache Tomcat/9.0.44]
2021-04-08 10:56:35.328  INFO 1916 --- [main] o.a.catalina.core.AprLifecycleListener   : Loaded Apache Tomcat Native library [1.2.26] using APR version [1.7.0].
2021-04-08 10:56:35.328  INFO 1916 --- [main] o.a.catalina.core.AprLifecycleListener   : APR capabilities: IPv6 [true], sendfile [true], accept filters [false], random [true].
2021-04-08 10:56:35.328  INFO 1916 --- [main] o.a.catalina.core.AprLifecycleListener   : APR/OpenSSL configuration: useAprConnector [false], useOpenSSL [true]
2021-04-08 10:56:35.332  INFO 1916 --- [main] o.a.catalina.core.AprLifecycleListener   : OpenSSL successfully initialized [OpenSSL 1.1.1i  8 Dec 2020]
2021-04-08 10:56:35.403  INFO 1916 --- [main] o.a.c.c.C.[Tomcat].[localhost].[/]       : Initializing Spring embedded WebApplicationContext
2021-04-08 10:56:35.403  INFO 1916 --- [main] w.s.c.ServletWebServerApplicationContext : Root WebApplicationContext: initialization completed in 1053 ms
2021-04-08 10:56:35.796  INFO 1916 --- [main] o.s.s.concurrent.ThreadPoolTaskExecutor  : Initializing ExecutorService 'applicationTaskExecutor'
2021-04-08 10:56:35.963  INFO 1916 --- [main] o.s.s.c.ThreadPoolTaskScheduler          : Initializing ExecutorService 'taskScheduler'
2021-04-08 10:56:36.012  INFO 1916 --- [main] o.s.b.w.embedded.tomcat.TomcatWebServer  : Tomcat started on port(s): 8089 (http) with context path ''
2021-04-08 10:56:36.025  INFO 1916 --- [main] com.zywl.TestApplication                 : Started TestApplication in 2.423 seconds (JVM running for 3.532)
2021-04-08 10:57:08.361  INFO 1916 --- [http-nio-8089-exec-1] o.a.c.c.C.[Tomcat].[localhost].[/]       : Initializing Spring DispatcherServlet 'dispatcherServlet'
2021-04-08 10:57:08.362  INFO 1916 --- [http-nio-8089-exec-1] o.s.web.servlet.DispatcherServlet        : Initializing Servlet 'dispatcherServlet'
2021-04-08 10:57:08.363  INFO 1916 --- [http-nio-8089-exec-1] o.s.web.servlet.DispatcherServlet        : Completed initialization in 1 ms
2021-04-08 10:57:08.441  INFO 1916 --- [http-nio-8089-exec-1] com.zaxxer.hikari.HikariDataSource       : HikariPool-1 - Starting...
2021-04-08 10:57:08.622  INFO 1916 --- [http-nio-8089-exec-1] com.zaxxer.hikari.HikariDataSource       : HikariPool-1 - Start completed.
2021-04-08 11:33:33.720  INFO 4776 --- [main] com.zywl.TestApplication                 : Starting TestApplication using Java 1.8.0_152 on admin-PC with PID 4776 (D:\IdeaProjects\test\target\classes started by Administrator in D:\IdeaProjects\test)
2021-04-08 11:33:33.722  INFO 4776 --- [main] com.zywl.TestApplication                 : The following profiles are active: dev
2021-04-08 11:33:34.730  INFO 4776 --- [main] o.s.b.w.embedded.tomcat.TomcatWebServer  : Tomcat initialized with port(s): 8089 (http)
2021-04-08 11:33:34.738  INFO 4776 --- [main] o.apache.catalina.core.StandardService   : Starting service [Tomcat]
2021-04-08 11:33:34.738  INFO 4776 --- [main] org.apache.catalina.core.StandardEngine  : Starting Servlet engine: [Apache Tomcat/9.0.44]
2021-04-08 11:33:34.740  INFO 4776 --- [main] o.a.catalina.core.AprLifecycleListener   : Loaded Apache Tomcat Native library [1.2.26] using APR version [1.7.0].
2021-04-08 11:33:34.740  INFO 4776 --- [main] o.a.catalina.core.AprLifecycleListener   : APR capabilities: IPv6 [true], sendfile [true], accept filters [false], random [true].
2021-04-08 11:33:34.740  INFO 4776 --- [main] o.a.catalina.core.AprLifecycleListener   : APR/OpenSSL configuration: useAprConnector [false], useOpenSSL [true]
2021-04-08 11:33:34.744  INFO 4776 --- [main] o.a.catalina.core.AprLifecycleListener   : OpenSSL successfully initialized [OpenSSL 1.1.1i  8 Dec 2020]
2021-04-08 11:33:34.819  INFO 4776 --- [main] o.a.c.c.C.[Tomcat].[localhost].[/]       : Initializing Spring embedded WebApplicationContext
2021-04-08 11:33:34.819  INFO 4776 --- [main] w.s.c.ServletWebServerApplicationContext : Root WebApplicationContext: initialization completed in 1045 ms
2021-04-08 11:33:35.219  INFO 4776 --- [main] o.s.s.concurrent.ThreadPoolTaskExecutor  : Initializing ExecutorService 'applicationTaskExecutor'
2021-04-08 11:33:35.390  INFO 4776 --- [main] o.s.s.c.ThreadPoolTaskScheduler          : Initializing ExecutorService 'taskScheduler'
2021-04-08 11:33:35.444  INFO 4776 --- [main] o.s.b.w.embedded.tomcat.TomcatWebServer  : Tomcat started on port(s): 8089 (http) with context path ''
2021-04-08 11:33:35.457  INFO 4776 --- [main] com.zywl.TestApplication                 : Started TestApplication in 2.133 seconds (JVM running for 2.84)
2021-04-08 11:33:44.740  INFO 4776 --- [http-nio-8089-exec-1] o.a.c.c.C.[Tomcat].[localhost].[/]       : Initializing Spring DispatcherServlet 'dispatcherServlet'
2021-04-08 11:33:44.740  INFO 4776 --- [http-nio-8089-exec-1] o.s.web.servlet.DispatcherServlet        : Initializing Servlet 'dispatcherServlet'
2021-04-08 11:33:44.742  INFO 4776 --- [http-nio-8089-exec-1] o.s.web.servlet.DispatcherServlet        : Completed initialization in 2 ms
2021-04-08 11:33:44.840  INFO 4776 --- [http-nio-8089-exec-1] com.zaxxer.hikari.HikariDataSource       : HikariPool-1 - Starting...
2021-04-08 11:33:45.013  INFO 4776 --- [http-nio-8089-exec-1] com.zaxxer.hikari.HikariDataSource       : HikariPool-1 - Start completed.
2021-04-08 11:37:51.191  INFO 6620 --- [main] com.zywl.TestApplication                 : Starting TestApplication using Java 1.8.0_152 on admin-PC with PID 6620 (D:\IdeaProjects\test\target\classes started by Administrator in D:\IdeaProjects\test)
2021-04-08 11:37:51.216  INFO 6620 --- [main] com.zywl.TestApplication                 : The following profiles are active: dev
2021-04-08 11:37:52.924  INFO 6620 --- [main] o.s.b.w.embedded.tomcat.TomcatWebServer  : Tomcat initialized with port(s): 8089 (http)
2021-04-08 11:37:52.934  INFO 6620 --- [main] o.apache.catalina.core.StandardService   : Starting service [Tomcat]
2021-04-08 11:37:52.934  INFO 6620 --- [main] org.apache.catalina.core.StandardEngine  : Starting Servlet engine: [Apache Tomcat/9.0.44]
2021-04-08 11:37:52.936  INFO 6620 --- [main] o.a.catalina.core.AprLifecycleListener   : Loaded Apache Tomcat Native library [1.2.26] using APR version [1.7.0].
2021-04-08 11:37:52.936  INFO 6620 --- [main] o.a.catalina.core.AprLifecycleListener   : APR capabilities: IPv6 [true], sendfile [true], accept filters [false], random [true].
2021-04-08 11:37:52.937  INFO 6620 --- [main] o.a.catalina.core.AprLifecycleListener   : APR/OpenSSL configuration: useAprConnector [false], useOpenSSL [true]
2021-04-08 11:37:52.940  INFO 6620 --- [main] o.a.catalina.core.AprLifecycleListener   : OpenSSL successfully initialized [OpenSSL 1.1.1i  8 Dec 2020]
2021-04-08 11:37:53.021  INFO 6620 --- [main] o.a.c.c.C.[Tomcat].[localhost].[/]       : Initializing Spring embedded WebApplicationContext
2021-04-08 11:37:53.021  INFO 6620 --- [main] w.s.c.ServletWebServerApplicationContext : Root WebApplicationContext: initialization completed in 1681 ms
2021-04-08 11:37:53.563  INFO 6620 --- [main] o.s.s.concurrent.ThreadPoolTaskExecutor  : Initializing ExecutorService 'applicationTaskExecutor'
2021-04-08 11:37:53.779  INFO 6620 --- [main] o.s.s.c.ThreadPoolTaskScheduler          : Initializing ExecutorService 'taskScheduler'
2021-04-08 11:37:53.959  INFO 6620 --- [main] o.s.b.w.embedded.tomcat.TomcatWebServer  : Tomcat started on port(s): 8089 (http) with context path ''
2021-04-08 11:37:53.974  INFO 6620 --- [main] com.zywl.TestApplication                 : Started TestApplication in 3.595 seconds (JVM running for 5.811)
2021-04-08 11:38:03.730  INFO 6620 --- [http-nio-8089-exec-1] o.a.c.c.C.[Tomcat].[localhost].[/]       : Initializing Spring DispatcherServlet 'dispatcherServlet'
2021-04-08 11:38:03.731  INFO 6620 --- [http-nio-8089-exec-1] o.s.web.servlet.DispatcherServlet        : Initializing Servlet 'dispatcherServlet'
2021-04-08 11:38:03.732  INFO 6620 --- [http-nio-8089-exec-1] o.s.web.servlet.DispatcherServlet        : Completed initialization in 1 ms
2021-04-08 11:38:42.559  INFO 6620 --- [http-nio-8089-exec-1] com.zaxxer.hikari.HikariDataSource       : HikariPool-1 - Starting...
2021-04-08 11:38:43.460  INFO 6620 --- [http-nio-8089-exec-1] com.zaxxer.hikari.HikariDataSource       : HikariPool-1 - Start completed.
2021-04-08 11:43:00.165  WARN 6620 --- [HikariPool-1 housekeeper] com.zaxxer.hikari.pool.HikariPool        : HikariPool-1 - Thread starvation or clock leap detected (housekeeper delta=4m16s600ms571µs).
2021-04-08 11:43:51.812  WARN 6620 --- [HikariPool-1 housekeeper] com.zaxxer.hikari.pool.HikariPool        : HikariPool-1 - Thread starvation or clock leap detected (housekeeper delta=51s646ms174µs827ns).
